<?xml version="1.0" encoding="UTF-8"?>
<!-- Generated by org.testng.reporters.JUnitXMLReporter -->
<testsuite hostname="DESKTOP-VVM4OU5" ignored="0" name="Test" tests="3" failures="0" timestamp="2022-11-18T10:04:27 IST" time="9.303" errors="0">
  <testcase name="browser" time="1.825" classname="com.testng.Zoho_testng"/>
  <testcase name="launchTheUrl" time="2.874" classname="com.testng.Zoho_testng"/>
  <testcase name="enterTheLoginDetails" time="4.069" classname="com.testng.Zoho_testng"/>
</testsuite> <!-- Test -->
