<?xml version="1.0" encoding="UTF-8"?>
<testng-results skipped="0" failed="0" ignored="0" total="3" passed="3">
  <reporter-output>
  </reporter-output>
  <suite name="Suite" duration-ms="9303" started-at="2022-11-18T10:04:18 IST" finished-at="2022-11-18T10:04:27 IST">
    <groups>
    </groups>
    <test name="Test" duration-ms="9303" started-at="2022-11-18T10:04:18 IST" finished-at="2022-11-18T10:04:27 IST">
      <class name="com.testng.Zoho_testng">
        <test-method status="PASS" signature="browser()[pri:0, instance:com.testng.Zoho_testng@58c1670b]" name="browser" duration-ms="1825" started-at="2022-11-18T10:04:18 IST" finished-at="2022-11-18T10:04:20 IST">
          <reporter-output>
          </reporter-output>
        </test-method> <!-- browser -->
        <test-method status="PASS" signature="takeScreenshot()[pri:0, instance:com.testng.Zoho_testng@58c1670b]" name="takeScreenshot" is-config="true" duration-ms="125" started-at="2022-11-18T10:04:20 IST" finished-at="2022-11-18T10:04:20 IST">
          <reporter-output>
          </reporter-output>
        </test-method> <!-- takeScreenshot -->
        <test-method status="PASS" signature="launchTheUrl()[pri:1, instance:com.testng.Zoho_testng@58c1670b]" name="launchTheUrl" duration-ms="2874" started-at="2022-11-18T10:04:20 IST" finished-at="2022-11-18T10:04:23 IST">
          <reporter-output>
          </reporter-output>
        </test-method> <!-- launchTheUrl -->
        <test-method status="PASS" signature="takeScreenshot()[pri:0, instance:com.testng.Zoho_testng@58c1670b]" name="takeScreenshot" is-config="true" duration-ms="165" started-at="2022-11-18T10:04:23 IST" finished-at="2022-11-18T10:04:23 IST">
          <reporter-output>
          </reporter-output>
        </test-method> <!-- takeScreenshot -->
        <test-method status="PASS" signature="enterTheLoginDetails()[pri:2, instance:com.testng.Zoho_testng@58c1670b]" name="enterTheLoginDetails" duration-ms="4069" started-at="2022-11-18T10:04:23 IST" finished-at="2022-11-18T10:04:27 IST">
          <reporter-output>
          </reporter-output>
        </test-method> <!-- enterTheLoginDetails -->
        <test-method status="PASS" signature="takeScreenshot()[pri:0, instance:com.testng.Zoho_testng@58c1670b]" name="takeScreenshot" is-config="true" duration-ms="204" started-at="2022-11-18T10:04:27 IST" finished-at="2022-11-18T10:04:27 IST">
          <reporter-output>
          </reporter-output>
        </test-method> <!-- takeScreenshot -->
      </class> <!-- com.testng.Zoho_testng -->
    </test> <!-- Test -->
  </suite> <!-- Suite -->
</testng-results>
